<?xml version="1.0" encoding="UTF-8"?>
<!-- Generated by org.testng.reporters.JUnitReportReporter -->
<testsuite hostname="DIPPU" failures="0" tests="1" name="tpack.Demo" time="8.757" errors="0" timestamp="2024-03-12T14:56:50 IST" skipped="0">
  <testcase classname="tpack.Demo" name="mOne" time="8.757"/>
  <system-out/>
</testsuite> <!-- tpack.Demo -->
